Base path: C:/Program Files/Unity/Editor/Data
Pipe name: \\.\pipe\UnityShaderCompiler-64bit-2-3316
Cmd: getPlatforms
Cmd: compileSnippet
  api=9 type=0 insize=1705 outsize=7097 kw=SOFTPARTICLES_OFF ok=1
Cmd: compileSnippet
  api=5 type=0 insize=1705 outsize=1720 kw=SOFTPARTICLES_ON ok=1
Cmd: compileSnippet
  api=9 type=1 insize=1705 outsize=7 kw=SOFTPARTICLES_OFF ok=1
Cmd: compileSnippet
  api=5 type=1 insize=1705 outsize=6 kw=SOFTPARTICLES_ON ok=1
Cmd: compileSnippet
  api=5 type=0 insize=1642 outsize=745 kw=SOFTPARTICLES_OFF ok=1
Cmd: compileSnippet
  api=9 type=0 insize=1642 outsize=8550 kw=SOFTPARTICLES_ON ok=1
Cmd: compileSnippet
  api=9 type=1 insize=1642 outsize=7 kw=SOFTPARTICLES_OFF ok=1
Cmd: compileSnippet
  api=9 type=1 insize=1642 outsize=7 kw=SOFTPARTICLES_ON ok=1
Unhandled exception: Readfile from pipe failed. GLE=O pipe foi finalizado.


Quitting shader compiler process
